<?xml version="1.0" encoding="UTF-8"?>
<!-- Generated by org.testng.reporters.JUnitXMLReporter -->
<testsuite ignored="0" hostname="LTIN488249" failures="0" tests="16" name="Surefire test" time="1.027" errors="0" timestamp="2024-06-14T22:24:18 IST">
  <testcase classname="TestBase.BaseClass" name="@BeforeClass beforeTest" time="-1.718384057169E9">
    <failure type="org.testng.TestNGException" message="
Parameter &amp;apos;Browser&amp;apos; is required by BeforeClass on method beforeTest but has not been marked @Optional or defined
">
      <![CDATA[org.testng.TestNGException: 
Parameter 'Browser' is required by BeforeClass on method beforeTest but has not been marked @Optional or defined

at java.base/java.util.ArrayList.forEach(ArrayList.java:1511)
... Removed 27 stack frames]]>
    </failure>
  </testcase> <!-- @BeforeClass beforeTest -->
  <testcase classname="TestBase.BaseClass" name="@AfterClass tearDown" time="0.0">
    <skipped/>
  </testcase> <!-- @AfterClass tearDown -->
  <testcase classname="TestBase.BaseClass" name="@BeforeClass beforeTest" time="-1.71838405724E9">
    <failure type="org.testng.TestNGException" message="
Parameter &amp;apos;Browser&amp;apos; is required by BeforeClass on method beforeTest but has not been marked @Optional or defined
">
      <![CDATA[org.testng.TestNGException: 
Parameter 'Browser' is required by BeforeClass on method beforeTest but has not been marked @Optional or defined

at java.base/java.util.ArrayList.forEach(ArrayList.java:1511)
... Removed 27 stack frames]]>
    </failure>
  </testcase> <!-- @BeforeClass beforeTest -->
  <testcase classname="TestBase.BaseClass" name="@AfterClass tearDown" time="0.0">
    <skipped/>
  </testcase> <!-- @AfterClass tearDown -->
  <testcase classname="TestBase.BaseClass" name="@BeforeClass beforeTest" time="-1.718384057244E9">
    <failure type="org.testng.TestNGException" message="
Parameter &amp;apos;Browser&amp;apos; is required by BeforeClass on method beforeTest but has not been marked @Optional or defined
">
      <![CDATA[org.testng.TestNGException: 
Parameter 'Browser' is required by BeforeClass on method beforeTest but has not been marked @Optional or defined

at java.base/java.util.ArrayList.forEach(ArrayList.java:1511)
... Removed 27 stack frames]]>
    </failure>
  </testcase> <!-- @BeforeClass beforeTest -->
  <testcase classname="TestBase.BaseClass" name="@AfterClass tearDown" time="0.0">
    <skipped/>
  </testcase> <!-- @AfterClass tearDown -->
  <testcase classname="TestBase.BaseClass" name="@BeforeClass beforeTest" time="-1.718384057252E9">
    <failure type="org.testng.TestNGException" message="
Parameter &amp;apos;Browser&amp;apos; is required by BeforeClass on method beforeTest but has not been marked @Optional or defined
">
      <![CDATA[org.testng.TestNGException: 
Parameter 'Browser' is required by BeforeClass on method beforeTest but has not been marked @Optional or defined

at java.base/java.util.ArrayList.forEach(ArrayList.java:1511)
... Removed 27 stack frames]]>
    </failure>
  </testcase> <!-- @BeforeClass beforeTest -->
  <testcase classname="TestBase.BaseClass" name="@AfterClass tearDown" time="0.0">
    <skipped/>
  </testcase> <!-- @AfterClass tearDown -->
  <testcase classname="TestCase.TC_001_UserDetailsTest" name="userVerification" time="0.0">
    <skipped/>
  </testcase> <!-- userVerification -->
  <testcase classname="TestCase.TC_001_UserDetailsTest" name="userVerification" time="0.0">
    <skipped/>
  </testcase> <!-- userVerification -->
  <testcase classname="TestCase.TC_002_Validate3WeeksDetailsTest" name="ThreeWeeksVerification" time="0.0">
    <skipped/>
  </testcase> <!-- ThreeWeeksVerification -->
  <testcase classname="TestCase.TC_001_UserDetailsTest" name="userVerification" time="0.001">
    <skipped/>
  </testcase> <!-- userVerification -->
  <testcase classname="TestCase.TC_002_Validate3WeeksDetailsTest" name="ThreeWeeksVerification" time="0.0">
    <skipped/>
  </testcase> <!-- ThreeWeeksVerification -->
  <testcase classname="TestCase.TC_003_ValidateCurrentDateDetailsTest" name="verifyCurrentDateDetails" time="0.0">
    <skipped/>
  </testcase> <!-- verifyCurrentDateDetails -->
  <testcase classname="TestCase.TC_001_UserDetailsTest" name="userVerification" time="0.0">
    <skipped/>
  </testcase> <!-- userVerification -->
  <testcase classname="TestCase.TC_002_Validate3WeeksDetailsTest" name="ThreeWeeksVerification" time="0.0">
    <skipped/>
  </testcase> <!-- ThreeWeeksVerification -->
  <testcase classname="TestCase.TC_003_ValidateCurrentDateDetailsTest" name="verifyCurrentDateDetails" time="0.0">
    <skipped/>
  </testcase> <!-- verifyCurrentDateDetails -->
  <testcase classname="TestCase.TC_004_ValidateAllSearchResultsTest" name="verifyApprovedStatusResult" time="0.0">
    <skipped/>
  </testcase> <!-- verifyApprovedStatusResult -->
  <testcase classname="TestCase.TC_004_ValidateAllSearchResultsTest" name="verifyPendingStatusResult" time="0.0">
    <skipped/>
  </testcase> <!-- verifyPendingStatusResult -->
  <testcase classname="TestCase.TC_004_ValidateAllSearchResultsTest" name="verifyAlertSearchStatus" time="0.0">
    <skipped/>
  </testcase> <!-- verifyAlertSearchStatus -->
  <testcase classname="TestCase.TC_004_ValidateAllSearchResultsTest" name="verifyAlertSearchStatus" time="0.0">
    <skipped/>
  </testcase> <!-- verifyAlertSearchStatus -->
  <testcase classname="TestCase.TC_004_ValidateAllSearchResultsTest" name="verifyAlertSearchStatus" time="0.0">
    <skipped/>
  </testcase> <!-- verifyAlertSearchStatus -->
  <testcase classname="TestCase.TC_004_ValidateAllSearchResultsTest" name="verifyAlertSearchStatus" time="0.0">
    <skipped/>
  </testcase> <!-- verifyAlertSearchStatus -->
  <testcase classname="TestCase.TC_004_ValidateAllSearchResultsTest" name="verifyAlertSearchStatus" time="0.0">
    <skipped/>
  </testcase> <!-- verifyAlertSearchStatus -->
</testsuite> <!-- Surefire test -->
