<!DOCTYPE html PUBLIC "-//W3C//DTD XHTML 1.1//EN" "https://www.w3.org/TR/xhtml11/DTD/xhtml11.dtd">
<html xmlns="https://www.w3.org/1999/xhtml">
<head>
<meta http-equiv="content-type" content="text/html; charset=UTF-8"/>
<title>TestNG Report</title>
<style type="text/css">table {margin-bottom:10px;border-collapse:collapse;empty-cells:show}th,td {border:1px solid #009;padding:.25em .5em}th {vertical-align:bottom}td {vertical-align:top}table a {font-weight:bold}.stripe td {background-color: #E6EBF9}.num {text-align:right}.passedodd td {background-color: #3F3}.passedeven td {background-color: #0A0}.skippedodd td {background-color: #DDD}.skippedeven td {background-color: #CCC}.failedodd td,.attn {background-color: #F33}.failedeven td,.stripe .attn {background-color: #D00}.stacktrace {white-space:pre;font-family:monospace}.totop {font-size:85%;text-align:center;border-bottom:2px solid #000}.invisible {display:none}</style>
</head>
<body>
<table>
<tr><th>Test</th><th># Passed</th><th># Skipped</th><th># Retried</th><th># Failed</th><th>Time (ms)</th><th>Included Groups</th><th>Excluded Groups</th></tr>
<tr><th colspan="8">Surefire suite</th></tr>
<tr><td><a href="#t0">Surefire test</a></td><td class="num">0</td><td class="num attn">16</td><td class="num">0</td><td class="num">0</td><td class="num">1,027</td><td></td><td></td></tr>
</table>
<table id='summary'><thead><tr><th>Class</th><th>Method</th><th>Start</th><th>Time (ms)</th></tr></thead><tbody><tr><th colspan="4">Surefire suite</th></tr></tbody><tbody id="t0"><tr><th colspan="4">Surefire test &#8212; failed (configuration methods)</th></tr><tr class="failedeven"><td rowspan="1">TestCase.TC_001_UserDetailsTest</td><td><a href="#m0">beforeTest</a></td><td rowspan="1">1718384057169</td><td rowspan="1">-1718384057169</td></tr><tr class="failedodd"><td rowspan="1">TestCase.TC_002_Validate3WeeksDetailsTest</td><td><a href="#m1">beforeTest</a></td><td rowspan="1">1718384057240</td><td rowspan="1">-1718384057240</td></tr><tr class="failedeven"><td rowspan="1">TestCase.TC_003_ValidateCurrentDateDetailsTest</td><td><a href="#m2">beforeTest</a></td><td rowspan="1">1718384057244</td><td rowspan="1">-1718384057244</td></tr><tr class="failedodd"><td rowspan="1">TestCase.TC_004_ValidateAllSearchResultsTest</td><td><a href="#m3">beforeTest</a></td><td rowspan="1">1718384057252</td><td rowspan="1">-1718384057252</td></tr><tr><th colspan="4">Surefire test &#8212; skipped (configuration methods)</th></tr><tr class="skippedeven"><td rowspan="1">TestCase.TC_001_UserDetailsTest</td><td><a href="#m4">tearDown</a></td><td rowspan="1">1718384057235</td><td rowspan="1">0</td></tr><tr class="skippedodd"><td rowspan="1">TestCase.TC_002_Validate3WeeksDetailsTest</td><td><a href="#m5">tearDown</a></td><td rowspan="1">1718384057243</td><td rowspan="1">0</td></tr><tr class="skippedeven"><td rowspan="1">TestCase.TC_003_ValidateCurrentDateDetailsTest</td><td><a href="#m6">tearDown</a></td><td rowspan="1">1718384057251</td><td rowspan="1">0</td></tr><tr class="skippedodd"><td rowspan="1">TestCase.TC_004_ValidateAllSearchResultsTest</td><td><a href="#m7">tearDown</a></td><td rowspan="1">1718384058150</td><td rowspan="1">0</td></tr><tr><th colspan="4">Surefire test &#8212; skipped</th></tr><tr class="skippedeven"><td rowspan="1">TestCase.TC_001_UserDetailsTest</td><td><a href="#m8">userVerification</a></td><td rowspan="1">1718384057230</td><td rowspan="1">0</td></tr><tr class="skippedodd"><td rowspan="2">TestCase.TC_002_Validate3WeeksDetailsTest</td><td><a href="#m9">ThreeWeeksVerification</a></td><td rowspan="1">1718384057242</td><td rowspan="1">0</td></tr><tr class="skippedodd"><td><a href="#m10">userVerification</a></td><td rowspan="1">1718384057241</td><td rowspan="1">0</td></tr><tr class="skippedeven"><td rowspan="3">TestCase.TC_003_ValidateCurrentDateDetailsTest</td><td><a href="#m11">ThreeWeeksVerification</a></td><td rowspan="1">1718384057249</td><td rowspan="1">0</td></tr><tr class="skippedeven"><td><a href="#m12">userVerification</a></td><td rowspan="1">1718384057247</td><td rowspan="1">1</td></tr><tr class="skippedeven"><td><a href="#m13">verifyCurrentDateDetails</a></td><td rowspan="1">1718384057250</td><td rowspan="1">0</td></tr><tr class="skippedodd"><td rowspan="10">TestCase.TC_004_ValidateAllSearchResultsTest</td><td><a href="#m14">ThreeWeeksVerification</a></td><td rowspan="1">1718384057256</td><td rowspan="1">0</td></tr><tr class="skippedodd"><td><a href="#m15">userVerification</a></td><td rowspan="1">1718384057254</td><td rowspan="1">0</td></tr><tr class="skippedodd"><td><a href="#m16">verifyAlertSearchStatus</a></td><td rowspan="5">1718384058147</td><td rowspan="5">0</td></tr><tr class="skippedodd"><td><a href="#m17">verifyAlertSearchStatus</a></td></tr><tr class="skippedodd"><td><a href="#m18">verifyAlertSearchStatus</a></td></tr><tr class="skippedodd"><td><a href="#m19">verifyAlertSearchStatus</a></td></tr><tr class="skippedodd"><td><a href="#m20">verifyAlertSearchStatus</a></td></tr><tr class="skippedodd"><td><a href="#m21">verifyApprovedStatusResult</a></td><td rowspan="1">1718384058078</td><td rowspan="1">0</td></tr><tr class="skippedodd"><td><a href="#m22">verifyCurrentDateDetails</a></td><td rowspan="1">1718384057257</td><td rowspan="1">0</td></tr><tr class="skippedodd"><td><a href="#m23">verifyPendingStatusResult</a></td><td rowspan="1">1718384058112</td><td rowspan="1">0</td></tr></tbody>
</table>
<h2>Surefire test</h2><h3 id="m0">TestCase.TC_001_UserDetailsTest#beforeTest</h3><table class="result"><tr><th>Exception</th></tr><tr><td><div class="stacktrace">org.testng.TestNGException: 
Parameter &apos;Browser&apos; is required by BeforeClass on method beforeTest but has not been marked @Optional or defined

	at java.base/java.util.ArrayList.forEach(ArrayList.java:1511)
... Removed 27 stack frames</div></td></tr></table><p class="totop"><a href="#summary">back to summary</a></p>
<h3 id="m1">TestCase.TC_002_Validate3WeeksDetailsTest#beforeTest</h3><table class="result"><tr><th>Exception</th></tr><tr><td><div class="stacktrace">org.testng.TestNGException: 
Parameter &apos;Browser&apos; is required by BeforeClass on method beforeTest but has not been marked @Optional or defined

	at java.base/java.util.ArrayList.forEach(ArrayList.java:1511)
... Removed 27 stack frames</div></td></tr></table><p class="totop"><a href="#summary">back to summary</a></p>
<h3 id="m2">TestCase.TC_003_ValidateCurrentDateDetailsTest#beforeTest</h3><table class="result"><tr><th>Exception</th></tr><tr><td><div class="stacktrace">org.testng.TestNGException: 
Parameter &apos;Browser&apos; is required by BeforeClass on method beforeTest but has not been marked @Optional or defined

	at java.base/java.util.ArrayList.forEach(ArrayList.java:1511)
... Removed 27 stack frames</div></td></tr></table><p class="totop"><a href="#summary">back to summary</a></p>
<h3 id="m3">TestCase.TC_004_ValidateAllSearchResultsTest#beforeTest</h3><table class="result"><tr><th>Exception</th></tr><tr><td><div class="stacktrace">org.testng.TestNGException: 
Parameter &apos;Browser&apos; is required by BeforeClass on method beforeTest but has not been marked @Optional or defined

	at java.base/java.util.ArrayList.forEach(ArrayList.java:1511)
... Removed 27 stack frames</div></td></tr></table><p class="totop"><a href="#summary">back to summary</a></p>
<h3 id="m4">TestCase.TC_001_UserDetailsTest#tearDown</h3><table class="result"><tr><th class="invisible"/></tr></table><p class="totop"><a href="#summary">back to summary</a></p>
<h3 id="m5">TestCase.TC_002_Validate3WeeksDetailsTest#tearDown</h3><table class="result"><tr><th class="invisible"/></tr></table><p class="totop"><a href="#summary">back to summary</a></p>
<h3 id="m6">TestCase.TC_003_ValidateCurrentDateDetailsTest#tearDown</h3><table class="result"><tr><th class="invisible"/></tr></table><p class="totop"><a href="#summary">back to summary</a></p>
<h3 id="m7">TestCase.TC_004_ValidateAllSearchResultsTest#tearDown</h3><table class="result"><tr><th class="invisible"/></tr></table><p class="totop"><a href="#summary">back to summary</a></p>
<h3 id="m8">TestCase.TC_001_UserDetailsTest#userVerification</h3><table class="result"><tr><th>Exception</th></tr><tr><td><div class="stacktrace">org.testng.TestNGException: 
Parameter &apos;Browser&apos; is required by BeforeClass on method beforeTest but has not been marked @Optional or defined

	at java.base/java.util.ArrayList.forEach(ArrayList.java:1511)
... Removed 27 stack frames</div></td></tr></table><p class="totop"><a href="#summary">back to summary</a></p>
<h3 id="m9">TestCase.TC_002_Validate3WeeksDetailsTest#ThreeWeeksVerification</h3><table class="result"><tr><th>Exception</th></tr><tr><td><div class="stacktrace">org.testng.TestNGException: 
Parameter &apos;Browser&apos; is required by BeforeClass on method beforeTest but has not been marked @Optional or defined

	at java.base/java.util.ArrayList.forEach(ArrayList.java:1511)
... Removed 27 stack frames</div></td></tr></table><p class="totop"><a href="#summary">back to summary</a></p>
<h3 id="m10">TestCase.TC_002_Validate3WeeksDetailsTest#userVerification</h3><table class="result"><tr><th>Exception</th></tr><tr><td><div class="stacktrace">org.testng.TestNGException: 
Parameter &apos;Browser&apos; is required by BeforeClass on method beforeTest but has not been marked @Optional or defined

	at java.base/java.util.ArrayList.forEach(ArrayList.java:1511)
... Removed 27 stack frames</div></td></tr></table><p class="totop"><a href="#summary">back to summary</a></p>
<h3 id="m11">TestCase.TC_003_ValidateCurrentDateDetailsTest#ThreeWeeksVerification</h3><table class="result"><tr><th>Exception</th></tr><tr><td><div class="stacktrace">org.testng.TestNGException: 
Parameter &apos;Browser&apos; is required by BeforeClass on method beforeTest but has not been marked @Optional or defined

	at java.base/java.util.ArrayList.forEach(ArrayList.java:1511)
... Removed 27 stack frames</div></td></tr></table><p class="totop"><a href="#summary">back to summary</a></p>
<h3 id="m12">TestCase.TC_003_ValidateCurrentDateDetailsTest#userVerification</h3><table class="result"><tr><th>Exception</th></tr><tr><td><div class="stacktrace">org.testng.TestNGException: 
Parameter &apos;Browser&apos; is required by BeforeClass on method beforeTest but has not been marked @Optional or defined

	at java.base/java.util.ArrayList.forEach(ArrayList.java:1511)
... Removed 27 stack frames</div></td></tr></table><p class="totop"><a href="#summary">back to summary</a></p>
<h3 id="m13">TestCase.TC_003_ValidateCurrentDateDetailsTest#verifyCurrentDateDetails</h3><table class="result"><tr><th>Exception</th></tr><tr><td><div class="stacktrace">org.testng.TestNGException: 
Parameter &apos;Browser&apos; is required by BeforeClass on method beforeTest but has not been marked @Optional or defined

	at java.base/java.util.ArrayList.forEach(ArrayList.java:1511)
... Removed 27 stack frames</div></td></tr></table><p class="totop"><a href="#summary">back to summary</a></p>
<h3 id="m14">TestCase.TC_004_ValidateAllSearchResultsTest#ThreeWeeksVerification</h3><table class="result"><tr><th>Exception</th></tr><tr><td><div class="stacktrace">org.testng.TestNGException: 
Parameter &apos;Browser&apos; is required by BeforeClass on method beforeTest but has not been marked @Optional or defined

	at java.base/java.util.ArrayList.forEach(ArrayList.java:1511)
... Removed 27 stack frames</div></td></tr></table><p class="totop"><a href="#summary">back to summary</a></p>
<h3 id="m15">TestCase.TC_004_ValidateAllSearchResultsTest#userVerification</h3><table class="result"><tr><th>Exception</th></tr><tr><td><div class="stacktrace">org.testng.TestNGException: 
Parameter &apos;Browser&apos; is required by BeforeClass on method beforeTest but has not been marked @Optional or defined

	at java.base/java.util.ArrayList.forEach(ArrayList.java:1511)
... Removed 27 stack frames</div></td></tr></table><p class="totop"><a href="#summary">back to summary</a></p>
<h3 id="m16">TestCase.TC_004_ValidateAllSearchResultsTest#verifyAlertSearchStatus</h3><table class="result"><tr class="param"><th>Parameter #1</th></tr><tr class="param stripe"><td>Overdue</td></tr><tr><th>Exception</th></tr><tr><td><div class="stacktrace">org.testng.TestNGException: 
Parameter &apos;Browser&apos; is required by BeforeClass on method beforeTest but has not been marked @Optional or defined

	at java.base/java.util.ArrayList.forEach(ArrayList.java:1511)
... Removed 27 stack frames</div></td></tr></table><p class="totop"><a href="#summary">back to summary</a></p>
<h3 id="m17">TestCase.TC_004_ValidateAllSearchResultsTest#verifyAlertSearchStatus</h3><table class="result"><tr class="param"><th>Parameter #1</th></tr><tr class="param stripe"><td>Partially Approved</td></tr><tr><th>Exception</th></tr><tr><td><div class="stacktrace">org.testng.TestNGException: 
Parameter &apos;Browser&apos; is required by BeforeClass on method beforeTest but has not been marked @Optional or defined

	at java.base/java.util.ArrayList.forEach(ArrayList.java:1511)
... Removed 27 stack frames</div></td></tr></table><p class="totop"><a href="#summary">back to summary</a></p>
<h3 id="m18">TestCase.TC_004_ValidateAllSearchResultsTest#verifyAlertSearchStatus</h3><table class="result"><tr class="param"><th>Parameter #1</th></tr><tr class="param stripe"><td>Submitted for Approval</td></tr><tr><th>Exception</th></tr><tr><td><div class="stacktrace">org.testng.TestNGException: 
Parameter &apos;Browser&apos; is required by BeforeClass on method beforeTest but has not been marked @Optional or defined

	at java.base/java.util.ArrayList.forEach(ArrayList.java:1511)
... Removed 27 stack frames</div></td></tr></table><p class="totop"><a href="#summary">back to summary</a></p>
<h3 id="m19">TestCase.TC_004_ValidateAllSearchResultsTest#verifyAlertSearchStatus</h3><table class="result"><tr class="param"><th>Parameter #1</th></tr><tr class="param stripe"><td>Sent Back for Revision</td></tr><tr><th>Exception</th></tr><tr><td><div class="stacktrace">org.testng.TestNGException: 
Parameter &apos;Browser&apos; is required by BeforeClass on method beforeTest but has not been marked @Optional or defined

	at java.base/java.util.ArrayList.forEach(ArrayList.java:1511)
... Removed 27 stack frames</div></td></tr></table><p class="totop"><a href="#summary">back to summary</a></p>
<h3 id="m20">TestCase.TC_004_ValidateAllSearchResultsTest#verifyAlertSearchStatus</h3><table class="result"><tr class="param"><th>Parameter #1</th></tr><tr class="param stripe"><td>Saved</td></tr><tr><th>Exception</th></tr><tr><td><div class="stacktrace">org.testng.TestNGException: 
Parameter &apos;Browser&apos; is required by BeforeClass on method beforeTest but has not been marked @Optional or defined

	at java.base/java.util.ArrayList.forEach(ArrayList.java:1511)
... Removed 27 stack frames</div></td></tr></table><p class="totop"><a href="#summary">back to summary</a></p>
<h3 id="m21">TestCase.TC_004_ValidateAllSearchResultsTest#verifyApprovedStatusResult</h3><table class="result"><tr class="param"><th>Parameter #1</th></tr><tr class="param stripe"><td>Approved</td></tr><tr><th>Exception</th></tr><tr><td><div class="stacktrace">org.testng.TestNGException: 
Parameter &apos;Browser&apos; is required by BeforeClass on method beforeTest but has not been marked @Optional or defined

	at java.base/java.util.ArrayList.forEach(ArrayList.java:1511)
... Removed 27 stack frames</div></td></tr></table><p class="totop"><a href="#summary">back to summary</a></p>
<h3 id="m22">TestCase.TC_004_ValidateAllSearchResultsTest#verifyCurrentDateDetails</h3><table class="result"><tr><th>Exception</th></tr><tr><td><div class="stacktrace">org.testng.TestNGException: 
Parameter &apos;Browser&apos; is required by BeforeClass on method beforeTest but has not been marked @Optional or defined

	at java.base/java.util.ArrayList.forEach(ArrayList.java:1511)
... Removed 27 stack frames</div></td></tr></table><p class="totop"><a href="#summary">back to summary</a></p>
<h3 id="m23">TestCase.TC_004_ValidateAllSearchResultsTest#verifyPendingStatusResult</h3><table class="result"><tr class="param"><th>Parameter #1</th></tr><tr class="param stripe"><td>Pending</td></tr><tr><th>Exception</th></tr><tr><td><div class="stacktrace">org.testng.TestNGException: 
Parameter &apos;Browser&apos; is required by BeforeClass on method beforeTest but has not been marked @Optional or defined

	at java.base/java.util.ArrayList.forEach(ArrayList.java:1511)
... Removed 27 stack frames</div></td></tr></table><p class="totop"><a href="#summary">back to summary</a></p>
</body>
</html>
